<?xml version="1.0" encoding="UTF-8"?>
<testng-results ignored="0" total="1" passed="1" failed="0" skipped="0">
  <reporter-output>
  </reporter-output>
  <suite started-at="2022-06-28T00:34:45 IST" name="Default suite" finished-at="2022-06-28T00:35:11 IST" duration-ms="26465">
    <groups>
    </groups>
    <test started-at="2022-06-28T00:34:45 IST" name="Default test" finished-at="2022-06-28T00:35:11 IST" duration-ms="26465">
      <class name="com.qa.wordpress.tests.ProfilePageTest">
        <test-method is-config="true" signature="setup()[pri:0, instance:com.qa.wordpress.tests.ProfilePageTest@7d4f9aae]" started-at="2022-06-28T00:34:45 IST" name="setup" finished-at="2022-06-28T00:34:57 IST" duration-ms="11884" status="PASS">
          <reporter-output>
          </reporter-output>
        </test-method> <!-- setup -->
        <test-method is-config="true" signature="profilesetup()[pri:0, instance:com.qa.wordpress.tests.ProfilePageTest@7d4f9aae]" started-at="2022-06-28T00:34:57 IST" name="profilesetup" finished-at="2022-06-28T00:35:03 IST" duration-ms="5915" status="PASS">
          <reporter-output>
          </reporter-output>
        </test-method> <!-- profilesetup -->
        <test-method signature="isUserLoggedOUtTest()[pri:0, instance:com.qa.wordpress.tests.ProfilePageTest@7d4f9aae]" started-at="2022-06-28T00:35:03 IST" name="isUserLoggedOUtTest" finished-at="2022-06-28T00:35:10 IST" duration-ms="7080" status="PASS">
          <reporter-output>
          </reporter-output>
        </test-method> <!-- isUserLoggedOUtTest -->
        <test-method is-config="true" signature="tearDown()[pri:0, instance:com.qa.wordpress.tests.ProfilePageTest@7d4f9aae]" started-at="2022-06-28T00:35:10 IST" name="tearDown" finished-at="2022-06-28T00:35:11 IST" duration-ms="1516" status="PASS">
          <reporter-output>
          </reporter-output>
        </test-method> <!-- tearDown -->
      </class> <!-- com.qa.wordpress.tests.ProfilePageTest -->
    </test> <!-- Default test -->
  </suite> <!-- Default suite -->
</testng-results>
